TN:
SF:src/pe102/AddMapReduce.ts
FN:10,AddMapReduce
FN:16,afterMap
FN:23,afterReduce
FN:30,beforeMap
FN:37,beforeReduce
FN:47,reduce
FNF:6
FNH:6
FNDA:3,AddMapReduce
FNDA:3,afterMap
FNDA:3,afterReduce
FNDA:3,beforeMap
FNDA:3,beforeReduce
FNDA:3,reduce
DA:1,1
DA:2,1
DA:3,1
DA:4,1
DA:5,1
DA:6,1
DA:7,1
DA:8,1
DA:9,1
DA:10,1
DA:11,3
DA:12,3
DA:13,1
DA:14,1
DA:15,1
DA:16,1
DA:17,3
DA:18,3
DA:19,3
DA:20,1
DA:21,1
DA:22,1
DA:23,1
DA:24,3
DA:25,3
DA:26,3
DA:27,1
DA:28,1
DA:29,1
DA:30,1
DA:31,3
DA:32,3
DA:33,3
DA:34,1
DA:35,1
DA:36,1
DA:37,1
DA:38,3
DA:39,3
DA:40,3
DA:41,1
DA:42,1
DA:43,1
DA:44,1
DA:45,1
DA:46,1
DA:47,1
DA:48,3
DA:49,3
DA:50,15
DA:51,15
DA:52,3
DA:53,3
DA:54,1
DA:55,1
LF:55
LH:55
BRDA:10,0,0,3
BRDA:16,1,0,3
BRDA:23,2,0,3
BRDA:30,3,0,3
BRDA:37,4,0,3
BRDA:47,5,0,3
BRDA:49,6,0,15
BRF:7
BRH:7
end_of_record
TN:
SF:src/pe102/DivMapReduce.ts
FN:7,DivMapReduce
FN:11,afterMap
FN:15,afterReduce
FN:19,beforeMap
FN:23,beforeReduce
FN:27,reduce
FNF:6
FNH:6
FNDA:3,DivMapReduce
FNDA:3,afterMap
FNDA:3,afterReduce
FNDA:3,beforeMap
FNDA:3,beforeReduce
FNDA:3,reduce
DA:1,1
DA:2,1
DA:3,1
DA:4,1
DA:5,1
DA:6,1
DA:7,1
DA:8,3
DA:9,3
DA:10,1
DA:11,1
DA:12,3
DA:13,3
DA:14,3
DA:15,1
DA:16,3
DA:17,3
DA:18,3
DA:19,1
DA:20,3
DA:21,3
DA:22,3
DA:23,1
DA:24,3
DA:25,3
DA:26,3
DA:27,1
DA:28,3
DA:29,3
DA:30,15
DA:31,15
DA:32,3
DA:33,3
DA:34,1
LF:34
LH:34
BRDA:7,0,0,3
BRDA:11,1,0,3
BRDA:15,2,0,3
BRDA:19,3,0,3
BRDA:23,4,0,3
BRDA:27,5,0,3
BRDA:29,6,0,15
BRF:7
BRH:7
end_of_record
TN:
SF:src/pe102/MapReduceAlgorithm.ts
FN:2,<instance_members_initializer>
FN:8,MapReduceAlgotitm
FN:17,execute
FN:30,length
FN:43,get
FN:46,map
FNF:6
FNH:6
FNDA:12,<instance_members_initializer>
FNDA:12,MapReduceAlgotitm
FNDA:12,execute
FNDA:144,length
FNDA:120,get
FNDA:12,map
DA:1,1
DA:2,1
DA:3,12
DA:4,12
DA:5,12
DA:6,12
DA:7,12
DA:8,12
DA:9,12
DA:10,12
DA:11,12
DA:12,12
DA:13,12
DA:14,12
DA:15,12
DA:16,12
DA:17,12
DA:18,12
DA:19,12
DA:20,12
DA:21,12
DA:22,12
DA:23,12
DA:24,12
DA:25,12
DA:26,12
DA:27,12
DA:28,12
DA:29,12
DA:30,12
DA:31,144
DA:32,144
DA:33,720
DA:34,720
DA:35,144
DA:36,144
DA:37,12
DA:38,12
DA:39,12
DA:40,12
DA:41,12
DA:42,12
DA:43,12
DA:44,120
DA:45,120
DA:46,12
DA:47,12
DA:48,12
DA:49,12
DA:50,60
DA:51,60
DA:52,12
DA:53,12
DA:54,12
DA:55,12
DA:56,12
DA:57,12
DA:58,12
DA:59,12
DA:60,12
DA:61,12
DA:62,12
DA:63,12
DA:64,12
DA:65,12
DA:66,12
DA:67,12
LF:67
LH:67
BRDA:2,0,0,12
BRDA:8,1,0,12
BRDA:17,2,0,12
BRDA:30,3,0,144
BRDA:32,4,0,720
BRDA:43,5,0,120
BRDA:46,6,0,12
BRDA:49,7,0,60
BRF:8
BRH:8
end_of_record
TN:
SF:src/pe102/ProdMapReduce.ts
FN:11,ProdMapReduce
FN:17,afterMap
FN:24,afterReduce
FN:31,beforeMap
FN:38,beforeReduce
FN:47,reduce
FNF:6
FNH:6
FNDA:3,ProdMapReduce
FNDA:3,afterMap
FNDA:3,afterReduce
FNDA:3,beforeMap
FNDA:3,beforeReduce
FNDA:3,reduce
DA:1,1
DA:2,1
DA:3,1
DA:4,1
DA:5,1
DA:6,1
DA:7,1
DA:8,1
DA:9,1
DA:10,1
DA:11,1
DA:12,3
DA:13,3
DA:14,1
DA:15,1
DA:16,1
DA:17,1
DA:18,3
DA:19,3
DA:20,3
DA:21,1
DA:22,1
DA:23,1
DA:24,1
DA:25,3
DA:26,3
DA:27,3
DA:28,1
DA:29,1
DA:30,1
DA:31,1
DA:32,3
DA:33,3
DA:34,3
DA:35,1
DA:36,1
DA:37,1
DA:38,1
DA:39,3
DA:40,3
DA:41,3
DA:42,1
DA:43,1
DA:44,1
DA:45,1
DA:46,1
DA:47,1
DA:48,3
DA:49,3
DA:50,15
DA:51,15
DA:52,3
DA:53,3
DA:54,1
DA:55,1
LF:55
LH:55
BRDA:11,0,0,3
BRDA:17,1,0,3
BRDA:24,2,0,3
BRDA:31,3,0,3
BRDA:38,4,0,3
BRDA:47,5,0,3
BRDA:49,6,0,15
BRF:7
BRH:7
end_of_record
TN:
SF:src/pe102/SubMapReduce.ts
FN:7,SubMapReduce
FN:14,afterMap
FN:21,afterReduce
FN:28,beforeMap
FN:35,beforeReduce
FN:43,reduce
FNF:6
FNH:6
FNDA:3,SubMapReduce
FNDA:3,afterMap
FNDA:3,afterReduce
FNDA:3,beforeMap
FNDA:3,beforeReduce
FNDA:3,reduce
DA:1,1
DA:2,1
DA:3,1
DA:4,1
DA:5,1
DA:6,1
DA:7,1
DA:8,3
DA:9,3
DA:10,1
DA:11,1
DA:12,1
DA:13,1
DA:14,1
DA:15,3
DA:16,3
DA:17,3
DA:18,1
DA:19,1
DA:20,1
DA:21,1
DA:22,3
DA:23,3
DA:24,3
DA:25,1
DA:26,1
DA:27,1
DA:28,1
DA:29,3
DA:30,3
DA:31,3
DA:32,1
DA:33,1
DA:34,1
DA:35,1
DA:36,3
DA:37,3
DA:38,3
DA:39,1
DA:40,1
DA:41,1
DA:42,1
DA:43,1
DA:44,3
DA:45,3
DA:46,15
DA:47,15
DA:48,3
DA:49,3
DA:50,1
LF:50
LH:50
BRDA:7,0,0,3
BRDA:14,1,0,3
BRDA:21,2,0,3
BRDA:28,3,0,3
BRDA:35,4,0,3
BRDA:43,5,0,3
BRDA:45,6,0,15
BRF:7
BRH:7
end_of_record
